<?xml version="1.0" encoding="UTF-8"?>
<!-- Generated by org.testng.reporters.JUnitXMLReporter -->
<testsuite hostname="DESKTOP-6IP37HG" failures="1" tests="2" name="Default test" time="35.559" errors="0" timestamp="1 Nov 2021 08:04:44 GMT">
  <testcase classname="com.keerthi.project.GDSChallenge.GDS_UserStory_1n2" name="VerifyEligibitySection" time="1.62">
    <failure type="java.lang.AssertionError" message="expected:&amp;lt;The applicant may not meet the eligibility criteria for this grant. Visit FAQ page for more information on other government grants.&amp;gt; but was:&amp;lt;Visit Smart Advisor on the SME Portal for more information on other government assistance&amp;gt;">
      <![CDATA[java.lang.AssertionError: expected:<The applicant may not meet the eligibility criteria for this grant. Visit FAQ page for more information on other government grants.> but was:<Visit Smart Advisor on the SME Portal for more information on other government assistance>
	at org.testng.AssertJUnit.assertEquals(AssertJUnit.java:101)
	at org.testng.AssertJUnit.assertEquals(AssertJUnit.java:108)
	at com.keerthi.project.GDSChallenge.GDS_UserStory_1n2.VerifyEligibitySection(GDS_UserStory_1n2.java:110)
	at java.base/jdk.internal.reflect.NativeMethodAccessorImpl.invoke0(Native Method)
	at java.base/jdk.internal.reflect.NativeMethodAccessorImpl.invoke(NativeMethodAccessorImpl.java:78)
	at java.base/jdk.internal.reflect.DelegatingMethodAccessorImpl.invoke(DelegatingMethodAccessorImpl.java:43)
	at java.base/java.lang.reflect.Method.invoke(Method.java:567)
	at org.testng.internal.MethodInvocationHelper.invokeMethod(MethodInvocationHelper.java:80)
	at org.testng.internal.Invoker.invokeMethod(Invoker.java:714)
	at org.testng.internal.Invoker.invokeTestMethod(Invoker.java:901)
	at org.testng.internal.Invoker.invokeTestMethods(Invoker.java:1231)
	at org.testng.internal.TestMethodWorker.invokeTestMethods(TestMethodWorker.java:127)
	at org.testng.internal.TestMethodWorker.run(TestMethodWorker.java:111)
	at org.testng.TestRunner.privateRun(TestRunner.java:767)
	at org.testng.TestRunner.run(TestRunner.java:617)
	at org.testng.SuiteRunner.runTest(SuiteRunner.java:334)
	at org.testng.SuiteRunner.runSequentially(SuiteRunner.java:329)
	at org.testng.SuiteRunner.privateRun(SuiteRunner.java:291)
	at org.testng.SuiteRunner.run(SuiteRunner.java:240)
	at org.testng.SuiteRunnerWorker.runSuite(SuiteRunnerWorker.java:52)
	at org.testng.SuiteRunnerWorker.run(SuiteRunnerWorker.java:86)
	at org.testng.TestNG.runSuitesSequentially(TestNG.java:1198)
	at org.testng.TestNG.runSuitesLocally(TestNG.java:1123)
	at org.testng.TestNG.run(TestNG.java:1031)
	at org.testng.remote.AbstractRemoteTestNG.run(AbstractRemoteTestNG.java:115)
	at org.testng.remote.RemoteTestNG.initAndRun(RemoteTestNG.java:251)
	at org.testng.remote.RemoteTestNG.main(RemoteTestNG.java:77)
]]>
    </failure>
  </testcase> <!-- VerifyEligibitySection -->
  <testcase classname="com.keerthi.project.GDSChallenge.GDS_UserStory_1n2" name="VerifyContactDetails" time="1.909"/>
</testsuite> <!-- Default test -->
