<?xml version="1.0" encoding="UTF-8"?>
<testng-results total="2" passed="1" failed="1" skipped="0">
  <reporter-output>
  </reporter-output>
  <suite started-at="2021-11-01T08:04:08Z" name="Default suite" finished-at="2021-11-01T08:04:44Z" duration-ms="35559">
    <groups>
    </groups>
    <test started-at="2021-11-01T08:04:08Z" name="Default test" finished-at="2021-11-01T08:04:44Z" duration-ms="35559">
      <class name="com.keerthi.project.GDSChallenge.GDS_UserStory_1n2">
        <test-method is-config="true" signature="setup()[pri:0, instance:com.keerthi.project.GDSChallenge.GDS_UserStory_1n2@57ad2aa7]" started-at="2021-11-01T16:04:08Z" name="setup" finished-at="2021-11-01T16:04:25Z" duration-ms="16602" status="PASS">
          <reporter-output>
          </reporter-output>
        </test-method> <!-- setup -->
        <test-method signature="VerifyEligibitySection()[pri:0, instance:com.keerthi.project.GDSChallenge.GDS_UserStory_1n2@57ad2aa7]" started-at="2021-11-01T16:04:25Z" name="VerifyEligibitySection" finished-at="2021-11-01T16:04:27Z" duration-ms="1620" status="FAIL">
          <exception class="java.lang.AssertionError">
            <message>
              <![CDATA[expected:<The applicant may not meet the eligibility criteria for this grant. Visit FAQ page for more information on other government grants.> but was:<Visit Smart Advisor on the SME Portal for more information on other government assistance>]]>
            </message>
            <full-stacktrace>
              <![CDATA[java.lang.AssertionError: expected:<The applicant may not meet the eligibility criteria for this grant. Visit FAQ page for more information on other government grants.> but was:<Visit Smart Advisor on the SME Portal for more information on other government assistance>
	at org.testng.AssertJUnit.assertEquals(AssertJUnit.java:101)
	at org.testng.AssertJUnit.assertEquals(AssertJUnit.java:108)
	at com.keerthi.project.GDSChallenge.GDS_UserStory_1n2.VerifyEligibitySection(GDS_UserStory_1n2.java:110)
	at java.base/jdk.internal.reflect.NativeMethodAccessorImpl.invoke0(Native Method)
	at java.base/jdk.internal.reflect.NativeMethodAccessorImpl.invoke(NativeMethodAccessorImpl.java:78)
	at java.base/jdk.internal.reflect.DelegatingMethodAccessorImpl.invoke(DelegatingMethodAccessorImpl.java:43)
	at java.base/java.lang.reflect.Method.invoke(Method.java:567)
	at org.testng.internal.MethodInvocationHelper.invokeMethod(MethodInvocationHelper.java:80)
	at org.testng.internal.Invoker.invokeMethod(Invoker.java:714)
	at org.testng.internal.Invoker.invokeTestMethod(Invoker.java:901)
	at org.testng.internal.Invoker.invokeTestMethods(Invoker.java:1231)
	at org.testng.internal.TestMethodWorker.invokeTestMethods(TestMethodWorker.java:127)
	at org.testng.internal.TestMethodWorker.run(TestMethodWorker.java:111)
	at org.testng.TestRunner.privateRun(TestRunner.java:767)
	at org.testng.TestRunner.run(TestRunner.java:617)
	at org.testng.SuiteRunner.runTest(SuiteRunner.java:334)
	at org.testng.SuiteRunner.runSequentially(SuiteRunner.java:329)
	at org.testng.SuiteRunner.privateRun(SuiteRunner.java:291)
	at org.testng.SuiteRunner.run(SuiteRunner.java:240)
	at org.testng.SuiteRunnerWorker.runSuite(SuiteRunnerWorker.java:52)
	at org.testng.SuiteRunnerWorker.run(SuiteRunnerWorker.java:86)
	at org.testng.TestNG.runSuitesSequentially(TestNG.java:1198)
	at org.testng.TestNG.runSuitesLocally(TestNG.java:1123)
	at org.testng.TestNG.run(TestNG.java:1031)
	at org.testng.remote.AbstractRemoteTestNG.run(AbstractRemoteTestNG.java:115)
	at org.testng.remote.RemoteTestNG.initAndRun(RemoteTestNG.java:251)
	at org.testng.remote.RemoteTestNG.main(RemoteTestNG.java:77)
]]>
            </full-stacktrace>
          </exception> <!-- java.lang.AssertionError -->
          <reporter-output>
          </reporter-output>
        </test-method> <!-- VerifyEligibitySection -->
        <test-method is-config="true" signature="tearDown()[pri:0, instance:com.keerthi.project.GDSChallenge.GDS_UserStory_1n2@57ad2aa7]" started-at="2021-11-01T16:04:27Z" name="tearDown" finished-at="2021-11-01T16:04:27Z" duration-ms="230" status="PASS">
          <reporter-output>
          </reporter-output>
        </test-method> <!-- tearDown -->
        <test-method is-config="true" signature="setup()[pri:0, instance:com.keerthi.project.GDSChallenge.GDS_UserStory_1n2@57ad2aa7]" started-at="2021-11-01T16:04:27Z" name="setup" finished-at="2021-11-01T16:04:42Z" duration-ms="14962" status="PASS">
          <reporter-output>
          </reporter-output>
        </test-method> <!-- setup -->
        <test-method signature="VerifyContactDetails()[pri:0, instance:com.keerthi.project.GDSChallenge.GDS_UserStory_1n2@57ad2aa7]" started-at="2021-11-01T16:04:42Z" name="VerifyContactDetails" finished-at="2021-11-01T16:04:44Z" duration-ms="1909" status="PASS">
          <reporter-output>
          </reporter-output>
        </test-method> <!-- VerifyContactDetails -->
        <test-method is-config="true" signature="tearDown()[pri:0, instance:com.keerthi.project.GDSChallenge.GDS_UserStory_1n2@57ad2aa7]" started-at="2021-11-01T16:04:44Z" name="tearDown" finished-at="2021-11-01T16:04:44Z" duration-ms="215" status="PASS">
          <reporter-output>
          </reporter-output>
        </test-method> <!-- tearDown -->
      </class> <!-- com.keerthi.project.GDSChallenge.GDS_UserStory_1n2 -->
    </test> <!-- Default test -->
  </suite> <!-- Default suite -->
</testng-results>
